<?xml version="1.0" encoding="UTF-8"?>
<coverage generated="1576766340470" clover="3.2.0">
  <project timestamp="1576766340470" name="All files">
    <metrics statements="13" coveredstatements="8" conditionals="1" coveredconditionals="0" methods="9" coveredmethods="4" elements="23" coveredelements="12" complexity="0" loc="13" ncloc="13" packages="1" files="4" classes="4"/>
    <file name="functions.js" path="/home/gabit1918/programming/hexlet-jest/src/functions.js">
      <metrics statements="1" coveredstatements="1" conditionals="0" coveredconditionals="0" methods="1" coveredmethods="1"/>
      <line num="1" count="2" type="stmt"/>
    </file>
    <file name="index.js" path="/home/gabit1918/programming/hexlet-jest/src/index.js">
      <metrics statements="1" coveredstatements="1" conditionals="0" coveredconditionals="0" methods="1" coveredmethods="1"/>
      <line num="1" count="2" type="stmt"/>
    </file>
    <file name="stack.js" path="/home/gabit1918/programming/hexlet-jest/src/stack.js">
      <metrics statements="9" coveredstatements="4" conditionals="0" coveredconditionals="0" methods="5" coveredmethods="0"/>
      <line num="2" count="0" type="stmt"/>
      <line num="4" count="1" type="stmt"/>
      <line num="5" count="0" type="stmt"/>
      <line num="8" count="1" type="stmt"/>
      <line num="9" count="0" type="stmt"/>
      <line num="12" count="1" type="stmt"/>
      <line num="13" count="0" type="stmt"/>
      <line num="16" count="1" type="stmt"/>
      <line num="17" count="0" type="stmt"/>
    </file>
    <file name="without.js" path="/home/gabit1918/programming/hexlet-jest/src/without.js">
      <metrics statements="2" coveredstatements="2" conditionals="1" coveredconditionals="0" methods="2" coveredmethods="2"/>
      <line num="4" count="2" type="stmt"/>
      <line num="5" count="11" type="stmt"/>
    </file>
  </project>
</coverage>
