TN:
SF:/home/gabit1918/programming/hexlet-jest/src/functions.js
FN:1,(anonymous_0)
FNF:1
FNH:1
FNDA:2,(anonymous_0)
DA:1,2
LF:1
LH:1
BRF:0
BRH:0
end_of_record
TN:
SF:/home/gabit1918/programming/hexlet-jest/src/index.js
FN:1,(anonymous_0)
FNF:1
FNH:1
FNDA:2,(anonymous_0)
DA:1,2
LF:1
LH:1
BRF:0
BRH:0
end_of_record
TN:
SF:/home/gabit1918/programming/hexlet-jest/src/stack.js
FN:1,MakeStack
FN:4,(anonymous_1)
FN:8,(anonymous_2)
FN:12,(anonymous_3)
FN:16,(anonymous_4)
FNF:5
FNH:0
FNDA:0,MakeStack
FNDA:0,(anonymous_1)
FNDA:0,(anonymous_2)
FNDA:0,(anonymous_3)
FNDA:0,(anonymous_4)
DA:2,0
DA:4,1
DA:5,0
DA:8,1
DA:9,0
DA:12,1
DA:13,0
DA:16,1
DA:17,0
LF:9
LH:4
BRF:0
BRH:0
end_of_record
TN:
SF:/home/gabit1918/programming/hexlet-jest/src/without.js
FN:3,(anonymous_0)
FN:5,(anonymous_1)
FNF:2
FNH:2
FNDA:2,(anonymous_0)
FNDA:11,(anonymous_1)
DA:4,2
DA:5,11
LF:2
LH:2
BRDA:3,0,0,0
BRF:1
BRH:0
end_of_record
